<?xml version="1.0" encoding="UTF-8"?>
<testsuites name="Mocha Tests" time="28.142" tests="1" failures="0">
  <testsuite name="Root Suite" timestamp="2026-02-04T21:00:59" tests="0" file="cypress\e2e\1-getting-started\pesquisar_produtos.cy.js" time="0.000" failures="0">
  </testsuite>
  <testsuite name="Testar Funcionalidade acessar produtos no EBAC-SHOP" timestamp="2026-02-04T21:00:59" tests="1" time="28.138" failures="0">
    <testcase name="Testar Funcionalidade acessar produtos no EBAC-SHOP Acessando carrinho de compras" time="22.006" classname="Acessando carrinho de compras">
    </testcase>
  </testsuite>
</testsuites>